TN:
SF:src/app.controller.ts
FN:5,(anonymous_2)
FN:6,(anonymous_3)
FN:9,(anonymous_4)
FNF:3
FNH:3
FNDA:1,(anonymous_2)
FNDA:1,(anonymous_3)
FNDA:1,(anonymous_4)
DA:1,1
DA:2,1
DA:5,2
DA:6,1
DA:9,1
DA:10,1
DA:12,1
LF:7
LH:7
BRF:0
BRH:0
end_of_record
TN:
SF:src/app.service.ts
FN:4,(anonymous_1)
FN:5,(anonymous_2)
FNF:2
FNH:2
FNDA:1,(anonymous_1)
FNDA:1,(anonymous_2)
DA:1,1
DA:4,2
DA:6,1
DA:8,1
LF:4
LH:4
BRF:0
BRH:0
end_of_record
TN:
SF:src/ability/ability.controller.ts
FN:10,(anonymous_4)
FN:12,(anonymous_5)
FN:16,(anonymous_6)
FN:22,(anonymous_7)
FNF:4
FNH:4
FNDA:1,(anonymous_4)
FNDA:3,(anonymous_5)
FNDA:1,(anonymous_6)
FNDA:1,(anonymous_7)
DA:3,1
DA:7,1
DA:10,2
DA:12,3
DA:16,1
DA:17,1
DA:22,1
DA:23,1
DA:26,1
LF:9
LH:9
BRF:0
BRH:0
end_of_record
TN:
SF:src/ability/ability.dao.ts
FN:12,(anonymous_1)
FN:15,(anonymous_2)
FN:24,(anonymous_3)
FN:34,(anonymous_4)
FN:44,(anonymous_5)
FN:55,(anonymous_6)
FN:66,(anonymous_7)
FNF:7
FNH:1
FNDA:2,(anonymous_1)
FNDA:0,(anonymous_2)
FNDA:0,(anonymous_3)
FNDA:0,(anonymous_4)
FNDA:0,(anonymous_5)
FNDA:0,(anonymous_6)
FNDA:0,(anonymous_7)
DA:3,2
DA:5,2
DA:7,2
DA:12,4
DA:16,0
DA:25,0
DA:35,0
DA:45,0
DA:56,0
DA:67,0
DA:75,2
LF:11
LH:5
BRF:0
BRH:0
end_of_record
TN:
SF:src/ability/ability.service.ts
FN:14,(anonymous_2)
FN:16,(anonymous_3)
FN:19,(anonymous_4)
FN:24,(anonymous_5)
FN:29,(anonymous_6)
FN:34,(anonymous_7)
FN:39,(anonymous_8)
FN:42,(anonymous_9)
FN:50,(anonymous_10)
FN:55,(anonymous_11)
FN:58,(anonymous_12)
FN:66,(anonymous_13)
FNF:12
FNH:12
FNDA:2,(anonymous_2)
FNDA:12,(anonymous_3)
FNDA:1,(anonymous_4)
FNDA:1,(anonymous_5)
FNDA:1,(anonymous_6)
FNDA:1,(anonymous_7)
FNDA:1,(anonymous_8)
FNDA:1,(anonymous_9)
FNDA:1,(anonymous_10)
FNDA:1,(anonymous_11)
FNDA:1,(anonymous_12)
FNDA:1,(anonymous_13)
DA:3,2
DA:9,2
DA:14,4
DA:16,12
DA:20,1
DA:25,1
DA:30,1
DA:35,1
DA:42,1
DA:43,1
DA:46,1
DA:51,1
DA:58,1
DA:59,1
DA:62,1
DA:67,1
DA:70,2
LF:17
LH:17
BRF:0
BRH:0
end_of_record
TN:
SF:src/character/character.controller.ts
FN:24,(anonymous_4)
FN:26,(anonymous_5)
FN:30,(anonymous_6)
FN:36,(anonymous_7)
FN:95,(anonymous_8)
FN:102,(anonymous_9)
FNF:6
FNH:2
FNDA:1,(anonymous_4)
FNDA:1,(anonymous_5)
FNDA:0,(anonymous_6)
FNDA:0,(anonymous_7)
FNDA:0,(anonymous_8)
FNDA:0,(anonymous_9)
DA:3,1
DA:21,1
DA:24,2
DA:26,1
DA:30,1
DA:31,0
DA:36,1
DA:37,0
DA:95,1
DA:96,0
DA:102,1
DA:103,0
DA:111,0
DA:114,1
LF:14
LH:9
BRF:0
BRH:0
end_of_record
TN:
SF:src/character/character.dao.ts
FN:26,(anonymous_1)
FN:28,(anonymous_2)
FN:36,(anonymous_3)
FN:45,(anonymous_4)
FN:54,(anonymous_5)
FNF:5
FNH:1
FNDA:2,(anonymous_1)
FNDA:0,(anonymous_2)
FNDA:0,(anonymous_3)
FNDA:0,(anonymous_4)
FNDA:0,(anonymous_5)
DA:3,2
DA:5,2
DA:7,2
DA:26,4
DA:29,0
DA:37,0
DA:46,0
DA:55,0
DA:63,2
LF:9
LH:5
BRF:0
BRH:0
end_of_record
TN:
SF:src/character/character.service.ts
FN:26,(anonymous_2)
FN:28,(anonymous_3)
FN:89,(anonymous_4)
FN:93,(anonymous_5)
FN:138,(anonymous_6)
FN:151,(anonymous_7)
FN:156,(anonymous_8)
FNF:7
FNH:2
FNDA:2,(anonymous_2)
FNDA:2,(anonymous_3)
FNDA:0,(anonymous_4)
FNDA:0,(anonymous_5)
FNDA:0,(anonymous_6)
FNDA:0,(anonymous_7)
FNDA:0,(anonymous_8)
DA:3,2
DA:21,2
DA:26,4
DA:28,2
DA:90,0
DA:94,0
DA:139,0
DA:147,0
DA:152,0
DA:157,0
DA:165,2
LF:11
LH:5
BRF:0
BRH:0
end_of_record
TN:
SF:src/model/ability.entity.ts
FN:5,(anonymous_1)
FNF:1
FNH:1
FNDA:4,(anonymous_1)
DA:1,4
DA:2,4
DA:5,8
LF:3
LH:3
BRF:0
BRH:0
end_of_record
TN:
SF:src/model/ancestry.entity.ts
FN:8,(anonymous_2)
FN:9,(anonymous_3)
FN:13,(anonymous_4)
FN:17,(anonymous_5)
FNF:4
FNH:1
FNDA:2,(anonymous_2)
FNDA:0,(anonymous_3)
FNDA:0,(anonymous_4)
FNDA:0,(anonymous_5)
DA:1,2
DA:2,2
DA:3,2
DA:4,2
DA:5,2
DA:8,4
DA:9,0
DA:11,2
DA:13,0
DA:15,2
DA:17,0
DA:19,2
DA:20,2
LF:13
LH:10
BRF:0
BRH:0
end_of_record
TN:
SF:src/model/background.entity.ts
FN:8,(anonymous_2)
FN:9,(anonymous_3)
FN:13,(anonymous_4)
FN:17,(anonymous_5)
FNF:4
FNH:1
FNDA:2,(anonymous_2)
FNDA:0,(anonymous_3)
FNDA:0,(anonymous_4)
FNDA:0,(anonymous_5)
DA:1,2
DA:2,2
DA:3,2
DA:4,2
DA:5,2
DA:8,4
DA:9,0
DA:11,2
DA:13,0
DA:15,2
DA:17,0
DA:19,2
DA:20,2
LF:13
LH:10
BRF:0
BRH:0
end_of_record
TN:
SF:src/model/base.entity.ts
FN:3,(anonymous_2)
FN:19,(anonymous_3)
FN:25,(anonymous_4)
FNF:3
FNH:1
FNDA:4,(anonymous_2)
FNDA:0,(anonymous_3)
FNDA:0,(anonymous_4)
DA:1,4
DA:3,4
DA:5,4
DA:8,4
DA:11,4
DA:14,4
DA:17,4
DA:19,0
DA:20,4
DA:23,4
DA:25,0
DA:26,4
DA:29,4
DA:32,4
DA:33,4
LF:15
LH:13
BRF:0
BRH:0
end_of_record
TN:
SF:src/model/character.entity.ts
FN:8,(anonymous_2)
FN:9,(anonymous_3)
FN:13,(anonymous_4)
FN:17,(anonymous_5)
FNF:4
FNH:1
FNDA:2,(anonymous_2)
FNDA:0,(anonymous_3)
FNDA:0,(anonymous_4)
FNDA:0,(anonymous_5)
DA:1,2
DA:2,2
DA:3,2
DA:4,2
DA:5,2
DA:8,4
DA:9,0
DA:11,2
DA:13,0
DA:15,2
DA:17,0
DA:19,2
DA:20,2
LF:13
LH:10
BRF:0
BRH:0
end_of_record
TN:
SF:src/model/class.entity.ts
FN:8,(anonymous_2)
FN:9,(anonymous_3)
FN:13,(anonymous_4)
FN:17,(anonymous_5)
FNF:4
FNH:1
FNDA:2,(anonymous_2)
FNDA:0,(anonymous_3)
FNDA:0,(anonymous_4)
FNDA:0,(anonymous_5)
DA:1,2
DA:2,2
DA:3,2
DA:4,2
DA:5,2
DA:8,4
DA:9,0
DA:11,2
DA:13,0
DA:15,2
DA:17,0
DA:19,2
DA:20,2
LF:13
LH:10
BRF:0
BRH:0
end_of_record
TN:
SF:src/model/modifier.entity.ts
FN:5,(anonymous_1)
FNF:1
FNH:1
FNDA:2,(anonymous_1)
DA:1,2
DA:2,2
DA:5,4
LF:3
LH:3
BRF:0
BRH:0
end_of_record
TN:
SF:src/model/passive.entity.ts
FN:5,(anonymous_1)
FNF:1
FNH:1
FNDA:2,(anonymous_1)
DA:1,2
DA:2,2
DA:5,4
LF:3
LH:3
BRF:0
BRH:0
end_of_record
